0 info it worked if it ends with ok
1 verbose cli [ 'C:\\Program Files\\nodejs\\node.exe',
1 verbose cli   'C:\\Users\\Yosep\\AppData\\Roaming\\npm\\node_modules\\npm\\bin\\npm-cli.js',
1 verbose cli   'start' ]
2 info using npm@4.0.2
3 info using node@v5.10.0
4 verbose run-script [ 'prestart', 'start', 'poststart' ]
5 info lifecycle angular2-webpack@1.0.0~prestart: angular2-webpack@1.0.0
6 silly lifecycle angular2-webpack@1.0.0~prestart: no script for prestart, continuing
7 info lifecycle angular2-webpack@1.0.0~start: angular2-webpack@1.0.0
8 verbose lifecycle angular2-webpack@1.0.0~start: unsafe-perm in lifecycle true
9 verbose lifecycle angular2-webpack@1.0.0~start: PATH: C:\Users\Yosep\AppData\Roaming\npm\node_modules\npm\bin\node-gyp-bin;C:\Users\Yosep\Documents\00.Trading\mytrader\view_source\node_modules\.bin;C:\Users\Yosep\AppData\Roaming\npm;C:\Program Files\nodejs\;C:\Users\Yosep\Anaconda3\Lib\site-packages\PyQt5;C:\WINDOWS\system32;C:\WINDOWS;C:\WINDOWS\System32\Wbem;C:\WINDOWS\System32\WindowsPowerShell\v1.0\;C:\Program Files (x86)\ATI Technologies\ATI.ACE\Core-Static;C:\Program Files\nodejs\;C:\Program Files (x86)\Windows Kits\8.1\Windows Performance Toolkit\;C:\Program Files\Microsoft SQL Server\110\Tools\Binn\;C:\Program Files (x86)\Microsoft SDKs\TypeScript\1.0\;C:\Users\Yosep\Anaconda3;C:\Users\Yosep\Anaconda3\Scripts;C:\Users\Yosep\Anaconda3\Library\bin;C:\Program Files\Bandizip\7z;C:\Users\Yosep\AppData\Roaming\npm;C:\Users\Yosep\sqlite;C:\Program Files\Git\bin;C:\Users\Yosep\Qt\Qt5.6.0\5.6\msvc2013\bin;C:\Program Files (x86)\Microsoft VS Code\bin;C:\Users\Yosep\AppData\Local\Microsoft\WindowsApps;
10 verbose lifecycle angular2-webpack@1.0.0~start: CWD: C:\Users\Yosep\Documents\00.Trading\mytrader\view_source
11 silly lifecycle angular2-webpack@1.0.0~start: Args: [ '/d /s /c',
11 silly lifecycle   'webpack-dev-server --inline --progress --port 8080' ]
12 silly lifecycle angular2-webpack@1.0.0~start: Returned: code: 3221225786  signal: null
13 info lifecycle angular2-webpack@1.0.0~start: Failed to exec start script
14 verbose stack Error: angular2-webpack@1.0.0 start: `webpack-dev-server --inline --progress --port 8080`
14 verbose stack Exit status 3221225786
14 verbose stack     at EventEmitter.<anonymous> (C:\Users\Yosep\AppData\Roaming\npm\node_modules\npm\lib\utils\lifecycle.js:279:16)
14 verbose stack     at emitTwo (events.js:100:13)
14 verbose stack     at EventEmitter.emit (events.js:185:7)
14 verbose stack     at ChildProcess.<anonymous> (C:\Users\Yosep\AppData\Roaming\npm\node_modules\npm\lib\utils\spawn.js:40:14)
14 verbose stack     at emitTwo (events.js:100:13)
14 verbose stack     at ChildProcess.emit (events.js:185:7)
14 verbose stack     at maybeClose (internal/child_process.js:850:16)
14 verbose stack     at Process.ChildProcess._handle.onexit (internal/child_process.js:215:5)
15 verbose pkgid angular2-webpack@1.0.0
16 verbose cwd C:\Users\Yosep\Documents\00.Trading\mytrader\view_source
17 error Windows_NT 10.0.14393
18 error argv "C:\\Program Files\\nodejs\\node.exe" "C:\\Users\\Yosep\\AppData\\Roaming\\npm\\node_modules\\npm\\bin\\npm-cli.js" "start"
19 error node v5.10.0
20 error npm  v4.0.2
21 error code ELIFECYCLE
22 error angular2-webpack@1.0.0 start: `webpack-dev-server --inline --progress --port 8080`
22 error Exit status 3221225786
23 error Failed at the angular2-webpack@1.0.0 start script 'webpack-dev-server --inline --progress --port 8080'.
23 error Make sure you have the latest version of node.js and npm installed.
23 error If you do, this is most likely a problem with the angular2-webpack package,
23 error not with npm itself.
23 error Tell the author that this fails on your system:
23 error     webpack-dev-server --inline --progress --port 8080
23 error You can get information on how to open an issue for this project with:
23 error     npm bugs angular2-webpack
23 error Or if that isn't available, you can get their info via:
23 error     npm owner ls angular2-webpack
23 error There is likely additional logging output above.
24 verbose exit [ 1, true ]
